<?xml version="1.0" encoding="UTF-8"?>
<testsuites name="functional" time="306.621" tests="3" failures="1" errors="0">
   <testsuite name="functional" tests="3" failures="1" errors="0" time="306.621" skipped="0" timestamp="2023-09-28 19:23:40" hostname="LENOVO - LAPTOP-6D1EASRA" id="Test Suites/functional">
      <properties>
         <property name="deviceName" value=""/>
         <property name="devicePlatform" value=""/>
         <property name="logFolder" value="C:\\Users\\LENOVO\\git\\effective-robot\\Reports\\20230928_192338\\functional\\20230928_192338"/>
         <property name="logFiles" value="C:\\Users\\LENOVO\\git\\effective-robot\\Reports\\20230928_192338\\functional\\20230928_192338\\execution0.log"/>
         <property name="attachments" value="C:\\Users\\LENOVO\\git\\effective-robot\\Reports\\20230928_192338\\functional\\20230928_192338\\1695903858511.png, C:\\Users\\LENOVO\\git\\effective-robot\\Reports\\20230928_192338\\functional\\20230928_192338\\1695903895340.png, C:\\Users\\LENOVO\\git\\effective-robot\\Reports\\20230928_192338\\functional\\20230928_192338\\1695903938041.png, C:\\Users\\LENOVO\\git\\effective-robot\\Reports\\20230928_192338\\functional\\20230928_192338\\1695904000801.png"/>
         <property name="hostName" value="LENOVO - LAPTOP-6D1EASRA"/>
         <property name="os" value="Windows 11 64bit"/>
         <property name="katalonVersion" value="8.6.8.208"/>
         <property name="browser" value="Chrome 117.0.0.0"/>
         <property name="hostAddress" value="192.168.1.62"/>
         <property name="sessionId" value="6989553d35efd4c56608e71055613706"/>
         <property name="seleniumVersion" value="3.141.59"/>
         <property name="proxyInformation" value="ProxyInformation { proxyOption=NO_PROXY, proxyServerType=HTTP, username=, password=********, proxyServerAddress=, proxyServerPort=0, executionList=&quot;&quot;, isApplyToDesiredCapabilities=true }"/>
         <property name="platform" value="Windows 11"/>
      </properties>
      <testcase name="Test Cases/Functionality/register new customer" time="62.796" classname="Test Cases/Functionality/register new customer" status="FAILED">
         <failure type="FAILED" message="Test Cases/Functionality/register new customer FAILED.
Reason:
com.kms.katalon.core.exception.StepFailedException: Unable to upload file 'C:\Users\LENOVO\git\effective-robot\Object Repository' to object 'Object Repository/Page_Prieds Technology/mat-icon_add'
	at com.kms.katalon.core.webui.keyword.internal.WebUIKeywordMain.stepFailed(WebUIKeywordMain.groovy:64)
	at com.kms.katalon.core.webui.keyword.internal.WebUIKeywordMain.runKeyword(WebUIKeywordMain.groovy:26)
	at com.kms.katalon.core.webui.keyword.builtin.UploadFileKeyword.uploadFile(UploadFileKeyword.groovy:87)
	at com.kms.katalon.core.webui.keyword.builtin.UploadFileKeyword.execute(UploadFileKeyword.groovy:68)
	at com.kms.katalon.core.keyword.internal.KeywordExecutor.executeKeywordForPlatform(KeywordExecutor.groovy:74)
	at com.kms.katalon.core.webui.keyword.WebUiBuiltInKeywords.uploadFile(WebUiBuiltInKeywords.groovy:4031)
	at com.kms.katalon.core.webui.keyword.WebUiBuiltInKeywords$uploadFile$4.call(Unknown Source)
	at register new customer.run(register new customer:103)
	at com.kms.katalon.core.main.ScriptEngine.run(ScriptEngine.java:194)
	at com.kms.katalon.core.main.ScriptEngine.runScriptAsRawText(ScriptEngine.java:119)
	at com.kms.katalon.core.main.TestCaseExecutor.runScript(TestCaseExecutor.java:448)
	at com.kms.katalon.core.main.TestCaseExecutor.doExecute(TestCaseExecutor.java:439)
	at com.kms.katalon.core.main.TestCaseExecutor.processExecutionPhase(TestCaseExecutor.java:418)
	at com.kms.katalon.core.main.TestCaseExecutor.accessMainPhase(TestCaseExecutor.java:410)
	at com.kms.katalon.core.main.TestCaseExecutor.execute(TestCaseExecutor.java:285)
	at com.kms.katalon.core.main.TestCaseExecutor.execute(TestCaseExecutor.java:369)
	at com.kms.katalon.core.main.TestCaseExecutor.execute(TestCaseExecutor.java:369)
	at com.kms.katalon.core.main.TestCaseExecutor.execute(TestCaseExecutor.java:369)
	at com.kms.katalon.core.common.CommonExecutor.accessTestCaseMainPhase(CommonExecutor.java:65)
	at com.kms.katalon.core.main.TestSuiteExecutor.accessTestSuiteMainPhase(TestSuiteExecutor.java:148)
	at com.kms.katalon.core.main.TestSuiteExecutor.execute(TestSuiteExecutor.java:106)
	at com.kms.katalon.core.main.TestCaseMain.startTestSuite(TestCaseMain.java:187)
	at com.kms.katalon.core.main.TestCaseMain$startTestSuite$0.call(Unknown Source)
	at TempTestSuite1695903818075.run(TempTestSuite1695903818075.groovy:36)
Caused by: org.openqa.selenium.ElementNotInteractableException: element not interactable
  (Session info: chrome=117.0.5938.92)
Build info: version: '3.141.59', revision: 'e82be7d358', time: '2018-11-14T08:25:53'
System info: host: 'LAPTOP-6D1EASRA', ip: '192.168.1.62', os.name: 'Windows 11', os.arch: 'amd64', os.version: '10.0', java.version: '1.8.0_362'
Driver info: com.kms.katalon.selenium.driver.CChromeDriver
Capabilities {acceptInsecureCerts: false, browserName: chrome, browserVersion: 117.0.5938.92, chrome: {chromedriverVersion: 116.0.5845.96 (1a3918166880..., userDataDir: C:\Users\LENOVO\AppData\Loc...}, fedcm:accounts: true, goog:chromeOptions: {debuggerAddress: localhost:55351}, javascriptEnabled: true, networkConnectionEnabled: false, pageLoadStrategy: normal, platform: WINDOWS, platformName: WINDOWS, proxy: Proxy(), setWindowRect: true, strictFileInteractability: false, timeouts: {implicit: 0, pageLoad: 300000, script: 30000}, unhandledPromptBehavior: dismiss and notify, webauthn:extension:credBlob: true, webauthn:extension:largeBlob: true, webauthn:extension:minPinLength: true, webauthn:extension:prf: true, webauthn:virtualAuthenticators: true}
Session ID: 97a35882272e401b816a1310cec5358a
	at org.openqa.selenium.remote.http.W3CHttpResponseCodec.createException(W3CHttpResponseCodec.java:187)
	at org.openqa.selenium.remote.http.W3CHttpResponseCodec.decode(W3CHttpResponseCodec.java:122)
	at org.openqa.selenium.remote.http.W3CHttpResponseCodec.decode(W3CHttpResponseCodec.java:49)
	at org.openqa.selenium.remote.HttpCommandExecutor.execute(HttpCommandExecutor.java:158)
	at org.openqa.selenium.remote.service.DriverCommandExecutor.execute(DriverCommandExecutor.java:83)
	at org.openqa.selenium.remote.RemoteWebDriver.execute(RemoteWebDriver.java:552)
	at com.kms.katalon.selenium.driver.CChromeDriver.execute(CChromeDriver.java:19)
	at org.openqa.selenium.remote.RemoteWebElement.execute(RemoteWebElement.java:285)
	at org.openqa.selenium.remote.RemoteWebElement.sendKeys(RemoteWebElement.java:106)
	at org.openqa.selenium.support.events.EventFiringWebDriver$EventFiringWebElement.lambda$new$0(EventFiringWebDriver.java:404)
	at com.sun.proxy.$Proxy11.sendKeys(Unknown Source)
	at org.openqa.selenium.support.events.EventFiringWebDriver$EventFiringWebElement.sendKeys(EventFiringWebDriver.java:429)
	at com.kms.katalon.core.webui.keyword.builtin.UploadFileKeyword$_uploadFile_closure1.doCall(UploadFileKeyword.groovy:80)
	at com.kms.katalon.core.webui.keyword.builtin.UploadFileKeyword$_uploadFile_closure1.call(UploadFileKeyword.groovy)
	at com.kms.katalon.core.webui.keyword.internal.WebUIKeywordMain.runKeyword(WebUIKeywordMain.groovy:20)
	... 22 more
"/>
         <system-out><![CDATA[2023-09-28 19:25:40 - [TEST_CASE][FAILED] - Test Cases/Functionality/register new customer: Test Cases/Functionality/register new customer FAILED.
Reason:
com.kms.katalon.core.exception.StepFailedException: Unable to upload file 'C:\Users\LENOVO\git\effective-robot\Object Repository' to object 'Object Repository/Page_Prieds Technology/mat-icon_add'
	at com.kms.katalon.core.webui.keyword.internal.WebUIKeywordMain.stepFailed(WebUIKeywordMain.groovy:64)
	at com.kms.katalon.core.webui.keyword.internal.WebUIKeywordMain.runKeyword(WebUIKeywordMain.groovy:26)
	at com.kms.katalon.core.webui.keyword.builtin.UploadFileKeyword.uploadFile(UploadFileKeyword.groovy:87)
	at com.kms.katalon.core.webui.keyword.builtin.UploadFileKeyword.execute(UploadFileKeyword.groovy:68)
	at com.kms.katalon.core.keyword.internal.KeywordExecutor.executeKeywordForPlatform(KeywordExecutor.groovy:74)
	at com.kms.katalon.core.webui.keyword.WebUiBuiltInKeywords.uploadFile(WebUiBuiltInKeywords.groovy:4031)
	at com.kms.katalon.core.webui.keyword.WebUiBuiltInKeywords$uploadFile$4.call(Unknown Source)
	at register new customer.run(register new customer:103)
	at com.kms.katalon.core.main.ScriptEngine.run(ScriptEngine.java:194)
	at com.kms.katalon.core.main.ScriptEngine.runScriptAsRawText(ScriptEngine.java:119)
	at com.kms.katalon.core.main.TestCaseExecutor.runScript(TestCaseExecutor.java:448)
	at com.kms.katalon.core.main.TestCaseExecutor.doExecute(TestCaseExecutor.java:439)
	at com.kms.katalon.core.main.TestCaseExecutor.processExecutionPhase(TestCaseExecutor.java:418)
	at com.kms.katalon.core.main.TestCaseExecutor.accessMainPhase(TestCaseExecutor.java:410)
	at com.kms.katalon.core.main.TestCaseExecutor.execute(TestCaseExecutor.java:285)
	at com.kms.katalon.core.main.TestCaseExecutor.execute(TestCaseExecutor.java:369)
	at com.kms.katalon.core.main.TestCaseExecutor.execute(TestCaseExecutor.java:369)
	at com.kms.katalon.core.main.TestCaseExecutor.execute(TestCaseExecutor.java:369)
	at com.kms.katalon.core.common.CommonExecutor.accessTestCaseMainPhase(CommonExecutor.java:65)
	at com.kms.katalon.core.main.TestSuiteExecutor.accessTestSuiteMainPhase(TestSuiteExecutor.java:148)
	at com.kms.katalon.core.main.TestSuiteExecutor.execute(TestSuiteExecutor.java:106)
	at com.kms.katalon.core.main.TestCaseMain.startTestSuite(TestCaseMain.java:187)
	at com.kms.katalon.core.main.TestCaseMain$startTestSuite$0.call(Unknown Source)
	at TempTestSuite1695903818075.run(TempTestSuite1695903818075.groovy:36)
Caused by: org.openqa.selenium.ElementNotInteractableException: element not interactable
  (Session info: chrome=117.0.5938.92)
Build info: version: '3.141.59', revision: 'e82be7d358', time: '2018-11-14T08:25:53'
System info: host: 'LAPTOP-6D1EASRA', ip: '192.168.1.62', os.name: 'Windows 11', os.arch: 'amd64', os.version: '10.0', java.version: '1.8.0_362'
Driver info: com.kms.katalon.selenium.driver.CChromeDriver
Capabilities {acceptInsecureCerts: false, browserName: chrome, browserVersion: 117.0.5938.92, chrome: {chromedriverVersion: 116.0.5845.96 (1a3918166880..., userDataDir: C:\Users\LENOVO\AppData\Loc...}, fedcm:accounts: true, goog:chromeOptions: {debuggerAddress: localhost:55351}, javascriptEnabled: true, networkConnectionEnabled: false, pageLoadStrategy: normal, platform: WINDOWS, platformName: WINDOWS, proxy: Proxy(), setWindowRect: true, strictFileInteractability: false, timeouts: {implicit: 0, pageLoad: 300000, script: 30000}, unhandledPromptBehavior: dismiss and notify, webauthn:extension:credBlob: true, webauthn:extension:largeBlob: true, webauthn:extension:minPinLength: true, webauthn:extension:prf: true, webauthn:virtualAuthenticators: true}
Session ID: 97a35882272e401b816a1310cec5358a
	at org.openqa.selenium.remote.http.W3CHttpResponseCodec.createException(W3CHttpResponseCodec.java:187)
	at org.openqa.selenium.remote.http.W3CHttpResponseCodec.decode(W3CHttpResponseCodec.java:122)
	at org.openqa.selenium.remote.http.W3CHttpResponseCodec.decode(W3CHttpResponseCodec.java:49)
	at org.openqa.selenium.remote.HttpCommandExecutor.execute(HttpCommandExecutor.java:158)
	at org.openqa.selenium.remote.service.DriverCommandExecutor.execute(DriverCommandExecutor.java:83)
	at org.openqa.selenium.remote.RemoteWebDriver.execute(RemoteWebDriver.java:552)
	at com.kms.katalon.selenium.driver.CChromeDriver.execute(CChromeDriver.java:19)
	at org.openqa.selenium.remote.RemoteWebElement.execute(RemoteWebElement.java:285)
	at org.openqa.selenium.remote.RemoteWebElement.sendKeys(RemoteWebElement.java:106)
	at org.openqa.selenium.support.events.EventFiringWebDriver$EventFiringWebElement.lambda$new$0(EventFiringWebDriver.java:404)
	at com.sun.proxy.$Proxy11.sendKeys(Unknown Source)
	at org.openqa.selenium.support.events.EventFiringWebDriver$EventFiringWebElement.sendKeys(EventFiringWebDriver.java:429)
	at com.kms.katalon.core.webui.keyword.builtin.UploadFileKeyword$_uploadFile_closure1.doCall(UploadFileKeyword.groovy:80)
	at com.kms.katalon.core.webui.keyword.builtin.UploadFileKeyword$_uploadFile_closure1.call(UploadFileKeyword.groovy)
	at com.kms.katalon.core.webui.keyword.internal.WebUIKeywordMain.runKeyword(WebUIKeywordMain.groovy:20)
	... 22 more


2023-09-28 19:25:40 - [TEST_STEP][PASSED] - openBrowser(""): Browser is opened with url: ''

2023-09-28 19:25:40 - [MESSAGE][WARNING] - A browser is already opened. Closing browser and opening a new one

2023-09-28 19:25:40 - [MESSAGE][INFO] - Starting 'Chrome' driver

2023-09-28 19:25:40 - [MESSAGE][INFO] - Action delay is set to 0 milliseconds

2023-09-28 19:25:42 - [MESSAGE][PASSED] - Browser is opened with url: ''

2023-09-28 19:25:42 - [TEST_STEP][PASSED] - navigateToUrl("https://sandbox.product.prieds.com/"): Navigate to 'https://sandbox.product.prieds.com/' successfully

2023-09-28 19:26:08 - [MESSAGE][PASSED] - Navigate to 'https://sandbox.product.prieds.com/' successfully

2023-09-28 19:26:08 - [TEST_STEP][PASSED] - click(findTestObject("Object Repository/Page_Prieds Technology/input_Sign In_username")): Object: 'Object Repository/Page_Prieds Technology/input_Sign In_username' is clicked on

2023-09-28 19:26:08 - [MESSAGE][PASSED] - Object: 'Object Repository/Page_Prieds Technology/input_Sign In_username' is clicked on

2023-09-28 19:26:08 - [TEST_STEP][PASSED] - click(findTestObject("Object Repository/Page_Prieds Technology/img_Hello,_style-people")): Object: 'Object Repository/Page_Prieds Technology/img_Hello,_style-people' is clicked on

2023-09-28 19:26:09 - [MESSAGE][PASSED] - Object: 'Object Repository/Page_Prieds Technology/img_Hello,_style-people' is clicked on

2023-09-28 19:26:09 - [TEST_STEP][PASSED] - click(findTestObject("Object Repository/Page_Prieds Technology/div_IDUsername")): Object: 'Object Repository/Page_Prieds Technology/div_IDUsername' is clicked on

2023-09-28 19:26:09 - [MESSAGE][PASSED] - Object: 'Object Repository/Page_Prieds Technology/div_IDUsername' is clicked on

2023-09-28 19:26:09 - [TEST_STEP][PASSED] - setText(findTestObject("Object Repository/Page_Prieds Technology/input_Sign In_username"), "testingwmslite2"): Text 'testingwmslite2' is set on object 'Object Repository/Page_Prieds Technology/input_Sign In_username'

2023-09-28 19:26:10 - [MESSAGE][PASSED] - Text 'testingwmslite2' is set on object 'Object Repository/Page_Prieds Technology/input_Sign In_username'

2023-09-28 19:26:10 - [TEST_STEP][PASSED] - setEncryptedText(findTestObject("Object Repository/Page_Prieds Technology/input_IDUsername_password"), "U8NeUUalMC6sqe9eTsnb2g=="): Text ****** has been set on object 'Object Repository/Page_Prieds Technology/input_IDUsername_password'

2023-09-28 19:26:10 - [MESSAGE][PASSED] - Text ****** has been set on object 'Object Repository/Page_Prieds Technology/input_IDUsername_password'

2023-09-28 19:26:10 - [TEST_STEP][PASSED] - click(findTestObject("Object Repository/Page_Prieds Technology/span_Login")): Object: 'Object Repository/Page_Prieds Technology/span_Login' is clicked on

2023-09-28 19:26:11 - [MESSAGE][PASSED] - Object: 'Object Repository/Page_Prieds Technology/span_Login' is clicked on

2023-09-28 19:26:11 - [TEST_STEP][PASSED] - click(findTestObject("Object Repository/Page_Prieds Technology/div_Master")): Object: 'Object Repository/Page_Prieds Technology/div_Master' is clicked on

2023-09-28 19:26:20 - [MESSAGE][PASSED] - Object: 'Object Repository/Page_Prieds Technology/div_Master' is clicked on

2023-09-28 19:26:20 - [TEST_STEP][PASSED] - click(findTestObject("Object Repository/Page_Prieds Technology/div_Customer Management")): Object: 'Object Repository/Page_Prieds Technology/div_Customer Management' is clicked on

2023-09-28 19:26:21 - [MESSAGE][PASSED] - Object: 'Object Repository/Page_Prieds Technology/div_Customer Management' is clicked on

2023-09-28 19:26:21 - [TEST_STEP][PASSED] - click(findTestObject("Object Repository/Page_Prieds Technology/div_Customer Register")): Object: 'Object Repository/Page_Prieds Technology/div_Customer Register' is clicked on

2023-09-28 19:26:23 - [MESSAGE][PASSED] - Object: 'Object Repository/Page_Prieds Technology/div_Customer Register' is clicked on

2023-09-28 19:26:23 - [TEST_STEP][PASSED] - click(findTestObject("Object Repository/Page_Prieds Technology/span_Salesman ID")): Object: 'Object Repository/Page_Prieds Technology/span_Salesman ID' is clicked on

2023-09-28 19:26:25 - [MESSAGE][PASSED] - Object: 'Object Repository/Page_Prieds Technology/span_Salesman ID' is clicked on

2023-09-28 19:26:25 - [TEST_STEP][PASSED] - click(findTestObject("Object Repository/Page_Prieds Technology/span_REYNER")): Object: 'Object Repository/Page_Prieds Technology/span_REYNER' is clicked on

2023-09-28 19:26:25 - [MESSAGE][PASSED] - Object: 'Object Repository/Page_Prieds Technology/span_REYNER' is clicked on

2023-09-28 19:26:25 - [TEST_STEP][PASSED] - setText(findTestObject("Object Repository/Page_Prieds Technology/input_Salesman ID_createcustomer-customerre_2602e6"), "Customer-UMKM" + RandomStringUtils.randomNumeric(5)): Text 'Customer-UMKM88897' is set on object 'Object Repository/Page_Prieds Technology/input_Salesman ID_createcustomer-customerre_2602e6'

2023-09-28 19:26:26 - [MESSAGE][PASSED] - Text 'Customer-UMKM88897' is set on object 'Object Repository/Page_Prieds Technology/input_Salesman ID_createcustomer-customerre_2602e6'

2023-09-28 19:26:26 - [TEST_STEP][PASSED] - setText(findTestObject("Object Repository/Page_Prieds Technology/input_Customer Name_createcustomer-customer_9f598b"), "UMKM"): Text 'UMKM' is set on object 'Object Repository/Page_Prieds Technology/input_Customer Name_createcustomer-customer_9f598b'

2023-09-28 19:26:27 - [MESSAGE][PASSED] - Text 'UMKM' is set on object 'Object Repository/Page_Prieds Technology/input_Customer Name_createcustomer-customer_9f598b'

2023-09-28 19:26:27 - [TEST_STEP][PASSED] - click(findTestObject("Object Repository/Page_Prieds Technology/div_Email")): Object: 'Object Repository/Page_Prieds Technology/div_Email' is clicked on

2023-09-28 19:26:28 - [MESSAGE][PASSED] - Object: 'Object Repository/Page_Prieds Technology/div_Email' is clicked on

2023-09-28 19:26:28 - [TEST_STEP][PASSED] - setText(findTestObject("Object Repository/Page_Prieds Technology/input_PIC_createcustomer-customerregister-c_7d29d8"), "umkm@mailinator.com"): Text 'umkm@mailinator.com' is set on object 'Object Repository/Page_Prieds Technology/input_PIC_createcustomer-customerregister-c_7d29d8'

2023-09-28 19:26:28 - [MESSAGE][PASSED] - Text 'umkm@mailinator.com' is set on object 'Object Repository/Page_Prieds Technology/input_PIC_createcustomer-customerregister-c_7d29d8'

2023-09-28 19:26:28 - [TEST_STEP][PASSED] - setText(findTestObject("Object Repository/Page_Prieds Technology/input_Email_createcustomer-customerregister_6409b8"), "Sleman"): Text 'Sleman' is set on object 'Object Repository/Page_Prieds Technology/input_Email_createcustomer-customerregister_6409b8'

2023-09-28 19:26:29 - [MESSAGE][PASSED] - Text 'Sleman' is set on object 'Object Repository/Page_Prieds Technology/input_Email_createcustomer-customerregister_6409b8'

2023-09-28 19:26:29 - [TEST_STEP][PASSED] - click(findTestObject("Object Repository/Page_Prieds Technology/div_Remark")): Object: 'Object Repository/Page_Prieds Technology/div_Remark' is clicked on

2023-09-28 19:26:29 - [MESSAGE][PASSED] - Object: 'Object Repository/Page_Prieds Technology/div_Remark' is clicked on

2023-09-28 19:26:29 - [TEST_STEP][PASSED] - setText(findTestObject("Object Repository/Page_Prieds Technology/input_City_createcustomer-customerregister-_1096a9"), "umkm"): Text 'umkm' is set on object 'Object Repository/Page_Prieds Technology/input_City_createcustomer-customerregister-_1096a9'

2023-09-28 19:26:30 - [MESSAGE][PASSED] - Text 'umkm' is set on object 'Object Repository/Page_Prieds Technology/input_City_createcustomer-customerregister-_1096a9'

2023-09-28 19:26:30 - [TEST_STEP][PASSED] - click(findTestObject("Object Repository/Page_Prieds Technology/div_NPWP")): Object: 'Object Repository/Page_Prieds Technology/div_NPWP' is clicked on

2023-09-28 19:26:31 - [MESSAGE][PASSED] - Object: 'Object Repository/Page_Prieds Technology/div_NPWP' is clicked on

2023-09-28 19:26:31 - [TEST_STEP][PASSED] - click(findTestObject("Object Repository/Page_Prieds Technology/div_NPWP")): Object: 'Object Repository/Page_Prieds Technology/div_NPWP' is clicked on

2023-09-28 19:26:31 - [MESSAGE][PASSED] - Object: 'Object Repository/Page_Prieds Technology/div_NPWP' is clicked on

2023-09-28 19:26:31 - [TEST_STEP][PASSED] - setText(findTestObject("Object Repository/Page_Prieds Technology/input_Remark_createcustomer-customerregiste_e3ba5d"), "08.178.554.2-123.321"): Text '08.178.554.2-123.321' is set on object 'Object Repository/Page_Prieds Technology/input_Remark_createcustomer-customerregiste_e3ba5d'

2023-09-28 19:26:32 - [MESSAGE][PASSED] - Text '08.178.554.2-123.321' is set on object 'Object Repository/Page_Prieds Technology/input_Remark_createcustomer-customerregiste_e3ba5d'

2023-09-28 19:26:32 - [TEST_STEP][PASSED] - setText(findTestObject("Object Repository/Page_Prieds Technology/input_NPWP_createcustomer-customerregister-_b2e4d8"), "umkm"): Text 'umkm' is set on object 'Object Repository/Page_Prieds Technology/input_NPWP_createcustomer-customerregister-_b2e4d8'

2023-09-28 19:26:33 - [MESSAGE][PASSED] - Text 'umkm' is set on object 'Object Repository/Page_Prieds Technology/input_NPWP_createcustomer-customerregister-_b2e4d8'

2023-09-28 19:26:33 - [TEST_STEP][PASSED] - setText(findTestObject("Object Repository/Page_Prieds Technology/textarea_Tier_createcustomer-customerregist_831bae"), "gang mawar"): Text 'gang mawar' is set on object 'Object Repository/Page_Prieds Technology/textarea_Tier_createcustomer-customerregist_831bae'

2023-09-28 19:26:33 - [MESSAGE][PASSED] - Text 'gang mawar' is set on object 'Object Repository/Page_Prieds Technology/textarea_Tier_createcustomer-customerregist_831bae'

2023-09-28 19:26:33 - [TEST_STEP][PASSED] - setText(findTestObject("Object Repository/Page_Prieds Technology/input_Address 2_createcustomer-customerregi_b33ca3"), "001122334455"): Text '001122334455' is set on object 'Object Repository/Page_Prieds Technology/input_Address 2_createcustomer-customerregi_b33ca3'

2023-09-28 19:26:35 - [MESSAGE][PASSED] - Text '001122334455' is set on object 'Object Repository/Page_Prieds Technology/input_Address 2_createcustomer-customerregi_b33ca3'

2023-09-28 19:26:35 - [TEST_STEP][PASSED] - setText(findTestObject("Object Repository/Page_Prieds Technology/input_Contact No_createcustomer-customerreg_0f8d35"), "Sleman"): Text 'Sleman' is set on object 'Object Repository/Page_Prieds Technology/input_Contact No_createcustomer-customerreg_0f8d35'

2023-09-28 19:26:35 - [MESSAGE][PASSED] - Text 'Sleman' is set on object 'Object Repository/Page_Prieds Technology/input_Contact No_createcustomer-customerreg_0f8d35'

2023-09-28 19:26:35 - [TEST_STEP][PASSED] - click(findTestObject("Object Repository/Page_Prieds Technology/div_Province")): Object: 'Object Repository/Page_Prieds Technology/div_Province' is clicked on

2023-09-28 19:26:36 - [MESSAGE][PASSED] - Object: 'Object Repository/Page_Prieds Technology/div_Province' is clicked on

2023-09-28 19:26:36 - [TEST_STEP][PASSED] - setText(findTestObject("Object Repository/Page_Prieds Technology/input_Region_createcustomer-customerregiste_b1824f"), "Special region of yogyakarta"): Text 'Special region of yogyakarta' is set on object 'Object Repository/Page_Prieds Technology/input_Region_createcustomer-customerregiste_b1824f'

2023-09-28 19:26:37 - [MESSAGE][PASSED] - Text 'Special region of yogyakarta' is set on object 'Object Repository/Page_Prieds Technology/input_Region_createcustomer-customerregiste_b1824f'

2023-09-28 19:26:37 - [TEST_STEP][PASSED] - setText(findTestObject("Object Repository/Page_Prieds Technology/input_Province_createcustomer-customerregis_1acb6e"), ""): Text '' is set on object 'Object Repository/Page_Prieds Technology/input_Province_createcustomer-customerregis_1acb6e'

2023-09-28 19:26:37 - [MESSAGE][PASSED] - Text '' is set on object 'Object Repository/Page_Prieds Technology/input_Province_createcustomer-customerregis_1acb6e'

2023-09-28 19:26:37 - [TEST_STEP][PASSED] - click(findTestObject("Object Repository/Page_Prieds Technology/input_Province_createcustomer-customerregis_1acb6e")): Object: 'Object Repository/Page_Prieds Technology/input_Province_createcustomer-customerregis_1acb6e' is clicked on

2023-09-28 19:26:38 - [MESSAGE][PASSED] - Object: 'Object Repository/Page_Prieds Technology/input_Province_createcustomer-customerregis_1acb6e' is clicked on

2023-09-28 19:26:38 - [TEST_STEP][PASSED] - click(findTestObject("Object Repository/Page_Prieds Technology/span_SiCepat")): Object: 'Object Repository/Page_Prieds Technology/span_SiCepat' is clicked on

2023-09-28 19:26:38 - [MESSAGE][PASSED] - Object: 'Object Repository/Page_Prieds Technology/span_SiCepat' is clicked on

2023-09-28 19:26:38 - [TEST_STEP][PASSED] - click(findTestObject("Object Repository/Page_Prieds Technology/span_")): Object: 'Object Repository/Page_Prieds Technology/span_' is clicked on

2023-09-28 19:26:39 - [MESSAGE][PASSED] - Object: 'Object Repository/Page_Prieds Technology/span_' is clicked on

2023-09-28 19:26:39 - [TEST_STEP][PASSED] - click(findTestObject("Object Repository/Page_Prieds Technology/span_NET75")): Object: 'Object Repository/Page_Prieds Technology/span_NET75' is clicked on

2023-09-28 19:26:39 - [MESSAGE][PASSED] - Object: 'Object Repository/Page_Prieds Technology/span_NET75' is clicked on

2023-09-28 19:26:39 - [TEST_STEP][FAILED] - uploadFile(findTestObject("Object Repository/Page_Prieds Technology/mat-icon_add"), "C:\Users\LENOVO\git\effective-robot\Object Repository"): Unable to upload file 'C:\Users\LENOVO\git\effective-robot\Object Repository' to object 'Object Repository/Page_Prieds Technology/mat-icon_add' (Root cause: com.kms.katalon.core.exception.StepFailedException: Unable to upload file 'C:\Users\LENOVO\git\effective-robot\Object Repository' to object 'Object Repository/Page_Prieds Technology/mat-icon_add'
	at com.kms.katalon.core.webui.keyword.internal.WebUIKeywordMain.stepFailed(WebUIKeywordMain.groovy:64)
	at com.kms.katalon.core.webui.keyword.internal.WebUIKeywordMain.runKeyword(WebUIKeywordMain.groovy:26)
	at com.kms.katalon.core.webui.keyword.builtin.UploadFileKeyword.uploadFile(UploadFileKeyword.groovy:87)
	at com.kms.katalon.core.webui.keyword.builtin.UploadFileKeyword.execute(UploadFileKeyword.groovy:68)
	at com.kms.katalon.core.keyword.internal.KeywordExecutor.executeKeywordForPlatform(KeywordExecutor.groovy:74)
	at com.kms.katalon.core.webui.keyword.WebUiBuiltInKeywords.uploadFile(WebUiBuiltInKeywords.groovy:4031)
	at com.kms.katalon.core.webui.keyword.WebUiBuiltInKeywords$uploadFile$4.call(Unknown Source)
	at register new customer.run(register new customer:103)
	at com.kms.katalon.core.main.ScriptEngine.run(ScriptEngine.java:194)
	at com.kms.katalon.core.main.ScriptEngine.runScriptAsRawText(ScriptEngine.java:119)
	at com.kms.katalon.core.main.TestCaseExecutor.runScript(TestCaseExecutor.java:448)
	at com.kms.katalon.core.main.TestCaseExecutor.doExecute(TestCaseExecutor.java:439)
	at com.kms.katalon.core.main.TestCaseExecutor.processExecutionPhase(TestCaseExecutor.java:418)
	at com.kms.katalon.core.main.TestCaseExecutor.accessMainPhase(TestCaseExecutor.java:410)
	at com.kms.katalon.core.main.TestCaseExecutor.execute(TestCaseExecutor.java:285)
	at com.kms.katalon.core.main.TestCaseExecutor.execute(TestCaseExecutor.java:369)
	at com.kms.katalon.core.main.TestCaseExecutor.execute(TestCaseExecutor.java:369)
	at com.kms.katalon.core.main.TestCaseExecutor.execute(TestCaseExecutor.java:369)
	at com.kms.katalon.core.common.CommonExecutor.accessTestCaseMainPhase(CommonExecutor.java:65)
	at com.kms.katalon.core.main.TestSuiteExecutor.accessTestSuiteMainPhase(TestSuiteExecutor.java:148)
	at com.kms.katalon.core.main.TestSuiteExecutor.execute(TestSuiteExecutor.java:106)
	at com.kms.katalon.core.main.TestCaseMain.startTestSuite(TestCaseMain.java:187)
	at com.kms.katalon.core.main.TestCaseMain$startTestSuite$0.call(Unknown Source)
	at TempTestSuite1695903818075.run(TempTestSuite1695903818075.groovy:36)
Caused by: org.openqa.selenium.ElementNotInteractableException: element not interactable
  (Session info: chrome=117.0.5938.92)
Build info: version: '3.141.59', revision: 'e82be7d358', time: '2018-11-14T08:25:53'
System info: host: 'LAPTOP-6D1EASRA', ip: '192.168.1.62', os.name: 'Windows 11', os.arch: 'amd64', os.version: '10.0', java.version: '1.8.0_362'
Driver info: com.kms.katalon.selenium.driver.CChromeDriver
Capabilities {acceptInsecureCerts: false, browserName: chrome, browserVersion: 117.0.5938.92, chrome: {chromedriverVersion: 116.0.5845.96 (1a3918166880..., userDataDir: C:\Users\LENOVO\AppData\Loc...}, fedcm:accounts: true, goog:chromeOptions: {debuggerAddress: localhost:55351}, javascriptEnabled: true, networkConnectionEnabled: false, pageLoadStrategy: normal, platform: WINDOWS, platformName: WINDOWS, proxy: Proxy(), setWindowRect: true, strictFileInteractability: false, timeouts: {implicit: 0, pageLoad: 300000, script: 30000}, unhandledPromptBehavior: dismiss and notify, webauthn:extension:credBlob: true, webauthn:extension:largeBlob: true, webauthn:extension:minPinLength: true, webauthn:extension:prf: true, webauthn:virtualAuthenticators: true}
Session ID: 97a35882272e401b816a1310cec5358a
	at org.openqa.selenium.remote.http.W3CHttpResponseCodec.createException(W3CHttpResponseCodec.java:187)
	at org.openqa.selenium.remote.http.W3CHttpResponseCodec.decode(W3CHttpResponseCodec.java:122)
	at org.openqa.selenium.remote.http.W3CHttpResponseCodec.decode(W3CHttpResponseCodec.java:49)
	at org.openqa.selenium.remote.HttpCommandExecutor.execute(HttpCommandExecutor.java:158)
	at org.openqa.selenium.remote.service.DriverCommandExecutor.execute(DriverCommandExecutor.java:83)
	at org.openqa.selenium.remote.RemoteWebDriver.execute(RemoteWebDriver.java:552)
	at com.kms.katalon.selenium.driver.CChromeDriver.execute(CChromeDriver.java:19)
	at org.openqa.selenium.remote.RemoteWebElement.execute(RemoteWebElement.java:285)
	at org.openqa.selenium.remote.RemoteWebElement.sendKeys(RemoteWebElement.java:106)
	at org.openqa.selenium.support.events.EventFiringWebDriver$EventFiringWebElement.lambda$new$0(EventFiringWebDriver.java:404)
	at com.sun.proxy.$Proxy11.sendKeys(Unknown Source)
	at org.openqa.selenium.support.events.EventFiringWebDriver$EventFiringWebElement.sendKeys(EventFiringWebDriver.java:429)
	at com.kms.katalon.core.webui.keyword.builtin.UploadFileKeyword$_uploadFile_closure1.doCall(UploadFileKeyword.groovy:80)
	at com.kms.katalon.core.webui.keyword.builtin.UploadFileKeyword$_uploadFile_closure1.call(UploadFileKeyword.groovy)
	at com.kms.katalon.core.webui.keyword.internal.WebUIKeywordMain.runKeyword(WebUIKeywordMain.groovy:20)
	at com.kms.katalon.core.webui.keyword.builtin.UploadFileKeyword.uploadFile(UploadFileKeyword.groovy:87)
	at com.kms.katalon.core.webui.keyword.builtin.UploadFileKeyword.execute(UploadFileKeyword.groovy:68)
	at com.kms.katalon.core.keyword.internal.KeywordExecutor.executeKeywordForPlatform(KeywordExecutor.groovy:74)
	at com.kms.katalon.core.webui.keyword.WebUiBuiltInKeywords.uploadFile(WebUiBuiltInKeywords.groovy:4031)
	at com.kms.katalon.core.webui.keyword.WebUiBuiltInKeywords$uploadFile$4.call(Unknown Source)
	at Script1695863058921.run(Script1695863058921.groovy:103)
	... 16 more
)

2023-09-28 19:26:40 - [MESSAGE][FAILED] - Unable to upload file 'C:\Users\LENOVO\git\effective-robot\Object Repository' to object 'Object Repository/Page_Prieds Technology/mat-icon_add' (Root cause: com.kms.katalon.core.exception.StepFailedException: Unable to upload file 'C:\Users\LENOVO\git\effective-robot\Object Repository' to object 'Object Repository/Page_Prieds Technology/mat-icon_add'
	at com.kms.katalon.core.webui.keyword.internal.WebUIKeywordMain.stepFailed(WebUIKeywordMain.groovy:64)
	at com.kms.katalon.core.webui.keyword.internal.WebUIKeywordMain.runKeyword(WebUIKeywordMain.groovy:26)
	at com.kms.katalon.core.webui.keyword.builtin.UploadFileKeyword.uploadFile(UploadFileKeyword.groovy:87)
	at com.kms.katalon.core.webui.keyword.builtin.UploadFileKeyword.execute(UploadFileKeyword.groovy:68)
	at com.kms.katalon.core.keyword.internal.KeywordExecutor.executeKeywordForPlatform(KeywordExecutor.groovy:74)
	at com.kms.katalon.core.webui.keyword.WebUiBuiltInKeywords.uploadFile(WebUiBuiltInKeywords.groovy:4031)
	at com.kms.katalon.core.webui.keyword.WebUiBuiltInKeywords$uploadFile$4.call(Unknown Source)
	at register new customer.run(register new customer:103)
	at com.kms.katalon.core.main.ScriptEngine.run(ScriptEngine.java:194)
	at com.kms.katalon.core.main.ScriptEngine.runScriptAsRawText(ScriptEngine.java:119)
	at com.kms.katalon.core.main.TestCaseExecutor.runScript(TestCaseExecutor.java:448)
	at com.kms.katalon.core.main.TestCaseExecutor.doExecute(TestCaseExecutor.java:439)
	at com.kms.katalon.core.main.TestCaseExecutor.processExecutionPhase(TestCaseExecutor.java:418)
	at com.kms.katalon.core.main.TestCaseExecutor.accessMainPhase(TestCaseExecutor.java:410)
	at com.kms.katalon.core.main.TestCaseExecutor.execute(TestCaseExecutor.java:285)
	at com.kms.katalon.core.main.TestCaseExecutor.execute(TestCaseExecutor.java:369)
	at com.kms.katalon.core.main.TestCaseExecutor.execute(TestCaseExecutor.java:369)
	at com.kms.katalon.core.main.TestCaseExecutor.execute(TestCaseExecutor.java:369)
	at com.kms.katalon.core.common.CommonExecutor.accessTestCaseMainPhase(CommonExecutor.java:65)
	at com.kms.katalon.core.main.TestSuiteExecutor.accessTestSuiteMainPhase(TestSuiteExecutor.java:148)
	at com.kms.katalon.core.main.TestSuiteExecutor.execute(TestSuiteExecutor.java:106)
	at com.kms.katalon.core.main.TestCaseMain.startTestSuite(TestCaseMain.java:187)
	at com.kms.katalon.core.main.TestCaseMain$startTestSuite$0.call(Unknown Source)
	at TempTestSuite1695903818075.run(TempTestSuite1695903818075.groovy:36)
Caused by: org.openqa.selenium.ElementNotInteractableException: element not interactable
  (Session info: chrome=117.0.5938.92)
Build info: version: '3.141.59', revision: 'e82be7d358', time: '2018-11-14T08:25:53'
System info: host: 'LAPTOP-6D1EASRA', ip: '192.168.1.62', os.name: 'Windows 11', os.arch: 'amd64', os.version: '10.0', java.version: '1.8.0_362'
Driver info: com.kms.katalon.selenium.driver.CChromeDriver
Capabilities {acceptInsecureCerts: false, browserName: chrome, browserVersion: 117.0.5938.92, chrome: {chromedriverVersion: 116.0.5845.96 (1a3918166880..., userDataDir: C:\Users\LENOVO\AppData\Loc...}, fedcm:accounts: true, goog:chromeOptions: {debuggerAddress: localhost:55351}, javascriptEnabled: true, networkConnectionEnabled: false, pageLoadStrategy: normal, platform: WINDOWS, platformName: WINDOWS, proxy: Proxy(), setWindowRect: true, strictFileInteractability: false, timeouts: {implicit: 0, pageLoad: 300000, script: 30000}, unhandledPromptBehavior: dismiss and notify, webauthn:extension:credBlob: true, webauthn:extension:largeBlob: true, webauthn:extension:minPinLength: true, webauthn:extension:prf: true, webauthn:virtualAuthenticators: true}
Session ID: 97a35882272e401b816a1310cec5358a
	at org.openqa.selenium.remote.http.W3CHttpResponseCodec.createException(W3CHttpResponseCodec.java:187)
	at org.openqa.selenium.remote.http.W3CHttpResponseCodec.decode(W3CHttpResponseCodec.java:122)
	at org.openqa.selenium.remote.http.W3CHttpResponseCodec.decode(W3CHttpResponseCodec.java:49)
	at org.openqa.selenium.remote.HttpCommandExecutor.execute(HttpCommandExecutor.java:158)
	at org.openqa.selenium.remote.service.DriverCommandExecutor.execute(DriverCommandExecutor.java:83)
	at org.openqa.selenium.remote.RemoteWebDriver.execute(RemoteWebDriver.java:552)
	at com.kms.katalon.selenium.driver.CChromeDriver.execute(CChromeDriver.java:19)
	at org.openqa.selenium.remote.RemoteWebElement.execute(RemoteWebElement.java:285)
	at org.openqa.selenium.remote.RemoteWebElement.sendKeys(RemoteWebElement.java:106)
	at org.openqa.selenium.support.events.EventFiringWebDriver$EventFiringWebElement.lambda$new$0(EventFiringWebDriver.java:404)
	at com.sun.proxy.$Proxy11.sendKeys(Unknown Source)
	at org.openqa.selenium.support.events.EventFiringWebDriver$EventFiringWebElement.sendKeys(EventFiringWebDriver.java:429)
	at com.kms.katalon.core.webui.keyword.builtin.UploadFileKeyword$_uploadFile_closure1.doCall(UploadFileKeyword.groovy:80)
	at com.kms.katalon.core.webui.keyword.builtin.UploadFileKeyword$_uploadFile_closure1.call(UploadFileKeyword.groovy)
	at com.kms.katalon.core.webui.keyword.internal.WebUIKeywordMain.runKeyword(WebUIKeywordMain.groovy:20)
	at com.kms.katalon.core.webui.keyword.builtin.UploadFileKeyword.uploadFile(UploadFileKeyword.groovy:87)
	at com.kms.katalon.core.webui.keyword.builtin.UploadFileKeyword.execute(UploadFileKeyword.groovy:68)
	at com.kms.katalon.core.keyword.internal.KeywordExecutor.executeKeywordForPlatform(KeywordExecutor.groovy:74)
	at com.kms.katalon.core.webui.keyword.WebUiBuiltInKeywords.uploadFile(WebUiBuiltInKeywords.groovy:4031)
	at com.kms.katalon.core.webui.keyword.WebUiBuiltInKeywords$uploadFile$4.call(Unknown Source)
	at Script1695863058921.run(Script1695863058921.groovy:103)
	... 16 more
)
[[ATTACHMENT|C:\\Users\\LENOVO\\git\\effective-robot\\Reports\\20230928_192338\\functional\\20230928_192338\\1695904000801.png]]

2023-09-28 19:26:43 - [TEST_STEP][PASSED] - Video: Video recording for test case 'Test Cases/Functionality/register new customer' .

2023-09-28 19:26:43 - [MESSAGE][INFO] - Video recording for test case 'Test Cases/Functionality/register new customer' .]]></system-out>
         <system-err><![CDATA[2023-09-28 19:25:40 - [TEST_CASE][FAILED] - Test Cases/Functionality/register new customer: Test Cases/Functionality/register new customer FAILED.
Reason:
com.kms.katalon.core.exception.StepFailedException: Unable to upload file 'C:\Users\LENOVO\git\effective-robot\Object Repository' to object 'Object Repository/Page_Prieds Technology/mat-icon_add'
	at com.kms.katalon.core.webui.keyword.internal.WebUIKeywordMain.stepFailed(WebUIKeywordMain.groovy:64)
	at com.kms.katalon.core.webui.keyword.internal.WebUIKeywordMain.runKeyword(WebUIKeywordMain.groovy:26)
	at com.kms.katalon.core.webui.keyword.builtin.UploadFileKeyword.uploadFile(UploadFileKeyword.groovy:87)
	at com.kms.katalon.core.webui.keyword.builtin.UploadFileKeyword.execute(UploadFileKeyword.groovy:68)
	at com.kms.katalon.core.keyword.internal.KeywordExecutor.executeKeywordForPlatform(KeywordExecutor.groovy:74)
	at com.kms.katalon.core.webui.keyword.WebUiBuiltInKeywords.uploadFile(WebUiBuiltInKeywords.groovy:4031)
	at com.kms.katalon.core.webui.keyword.WebUiBuiltInKeywords$uploadFile$4.call(Unknown Source)
	at register new customer.run(register new customer:103)
	at com.kms.katalon.core.main.ScriptEngine.run(ScriptEngine.java:194)
	at com.kms.katalon.core.main.ScriptEngine.runScriptAsRawText(ScriptEngine.java:119)
	at com.kms.katalon.core.main.TestCaseExecutor.runScript(TestCaseExecutor.java:448)
	at com.kms.katalon.core.main.TestCaseExecutor.doExecute(TestCaseExecutor.java:439)
	at com.kms.katalon.core.main.TestCaseExecutor.processExecutionPhase(TestCaseExecutor.java:418)
	at com.kms.katalon.core.main.TestCaseExecutor.accessMainPhase(TestCaseExecutor.java:410)
	at com.kms.katalon.core.main.TestCaseExecutor.execute(TestCaseExecutor.java:285)
	at com.kms.katalon.core.main.TestCaseExecutor.execute(TestCaseExecutor.java:369)
	at com.kms.katalon.core.main.TestCaseExecutor.execute(TestCaseExecutor.java:369)
	at com.kms.katalon.core.main.TestCaseExecutor.execute(TestCaseExecutor.java:369)
	at com.kms.katalon.core.common.CommonExecutor.accessTestCaseMainPhase(CommonExecutor.java:65)
	at com.kms.katalon.core.main.TestSuiteExecutor.accessTestSuiteMainPhase(TestSuiteExecutor.java:148)
	at com.kms.katalon.core.main.TestSuiteExecutor.execute(TestSuiteExecutor.java:106)
	at com.kms.katalon.core.main.TestCaseMain.startTestSuite(TestCaseMain.java:187)
	at com.kms.katalon.core.main.TestCaseMain$startTestSuite$0.call(Unknown Source)
	at TempTestSuite1695903818075.run(TempTestSuite1695903818075.groovy:36)
Caused by: org.openqa.selenium.ElementNotInteractableException: element not interactable
  (Session info: chrome=117.0.5938.92)
Build info: version: '3.141.59', revision: 'e82be7d358', time: '2018-11-14T08:25:53'
System info: host: 'LAPTOP-6D1EASRA', ip: '192.168.1.62', os.name: 'Windows 11', os.arch: 'amd64', os.version: '10.0', java.version: '1.8.0_362'
Driver info: com.kms.katalon.selenium.driver.CChromeDriver
Capabilities {acceptInsecureCerts: false, browserName: chrome, browserVersion: 117.0.5938.92, chrome: {chromedriverVersion: 116.0.5845.96 (1a3918166880..., userDataDir: C:\Users\LENOVO\AppData\Loc...}, fedcm:accounts: true, goog:chromeOptions: {debuggerAddress: localhost:55351}, javascriptEnabled: true, networkConnectionEnabled: false, pageLoadStrategy: normal, platform: WINDOWS, platformName: WINDOWS, proxy: Proxy(), setWindowRect: true, strictFileInteractability: false, timeouts: {implicit: 0, pageLoad: 300000, script: 30000}, unhandledPromptBehavior: dismiss and notify, webauthn:extension:credBlob: true, webauthn:extension:largeBlob: true, webauthn:extension:minPinLength: true, webauthn:extension:prf: true, webauthn:virtualAuthenticators: true}
Session ID: 97a35882272e401b816a1310cec5358a
	at org.openqa.selenium.remote.http.W3CHttpResponseCodec.createException(W3CHttpResponseCodec.java:187)
	at org.openqa.selenium.remote.http.W3CHttpResponseCodec.decode(W3CHttpResponseCodec.java:122)
	at org.openqa.selenium.remote.http.W3CHttpResponseCodec.decode(W3CHttpResponseCodec.java:49)
	at org.openqa.selenium.remote.HttpCommandExecutor.execute(HttpCommandExecutor.java:158)
	at org.openqa.selenium.remote.service.DriverCommandExecutor.execute(DriverCommandExecutor.java:83)
	at org.openqa.selenium.remote.RemoteWebDriver.execute(RemoteWebDriver.java:552)
	at com.kms.katalon.selenium.driver.CChromeDriver.execute(CChromeDriver.java:19)
	at org.openqa.selenium.remote.RemoteWebElement.execute(RemoteWebElement.java:285)
	at org.openqa.selenium.remote.RemoteWebElement.sendKeys(RemoteWebElement.java:106)
	at org.openqa.selenium.support.events.EventFiringWebDriver$EventFiringWebElement.lambda$new$0(EventFiringWebDriver.java:404)
	at com.sun.proxy.$Proxy11.sendKeys(Unknown Source)
	at org.openqa.selenium.support.events.EventFiringWebDriver$EventFiringWebElement.sendKeys(EventFiringWebDriver.java:429)
	at com.kms.katalon.core.webui.keyword.builtin.UploadFileKeyword$_uploadFile_closure1.doCall(UploadFileKeyword.groovy:80)
	at com.kms.katalon.core.webui.keyword.builtin.UploadFileKeyword$_uploadFile_closure1.call(UploadFileKeyword.groovy)
	at com.kms.katalon.core.webui.keyword.internal.WebUIKeywordMain.runKeyword(WebUIKeywordMain.groovy:20)
	... 22 more]]></system-err>
      </testcase>
      <testcase name="Test Cases/Functionality/search customer" time="26.083" classname="Test Cases/Functionality/search customer" status="PASSED">
         <system-out><![CDATA[2023-09-28 19:26:43 - [TEST_CASE][PASSED] - Test Cases/Functionality/search customer: Test Cases/Functionality/search customer

2023-09-28 19:26:43 - [TEST_STEP][PASSED] - openBrowser(""): Browser is opened with url: ''

2023-09-28 19:26:43 - [MESSAGE][WARNING] - A browser is already opened. Closing browser and opening a new one

2023-09-28 19:26:43 - [MESSAGE][INFO] - Starting 'Chrome' driver

2023-09-28 19:26:43 - [MESSAGE][INFO] - Action delay is set to 0 milliseconds

2023-09-28 19:26:45 - [MESSAGE][PASSED] - Browser is opened with url: ''

2023-09-28 19:26:45 - [TEST_STEP][PASSED] - navigateToUrl("https://sandbox.product.prieds.com/"): Navigate to 'https://sandbox.product.prieds.com/' successfully

2023-09-28 19:26:52 - [MESSAGE][PASSED] - Navigate to 'https://sandbox.product.prieds.com/' successfully

2023-09-28 19:26:52 - [TEST_STEP][PASSED] - click(findTestObject("Object Repository/search customer/Page_Prieds Technology/input_Sign In_username")): Object: 'Object Repository/search customer/Page_Prieds Technology/input_Sign In_username' is clicked on

2023-09-28 19:26:52 - [MESSAGE][PASSED] - Object: 'Object Repository/search customer/Page_Prieds Technology/input_Sign In_username' is clicked on

2023-09-28 19:26:52 - [TEST_STEP][PASSED] - click(findTestObject("Object Repository/search customer/Page_Prieds Technology/img_Hello,_style-people")): Object: 'Object Repository/search customer/Page_Prieds Technology/img_Hello,_style-people' is clicked on

2023-09-28 19:26:52 - [MESSAGE][PASSED] - Object: 'Object Repository/search customer/Page_Prieds Technology/img_Hello,_style-people' is clicked on

2023-09-28 19:26:52 - [TEST_STEP][PASSED] - click(findTestObject("Object Repository/search customer/Page_Prieds Technology/div_IDUsername")): Object: 'Object Repository/search customer/Page_Prieds Technology/div_IDUsername' is clicked on

2023-09-28 19:26:53 - [MESSAGE][PASSED] - Object: 'Object Repository/search customer/Page_Prieds Technology/div_IDUsername' is clicked on

2023-09-28 19:26:53 - [TEST_STEP][PASSED] - setText(findTestObject("Object Repository/search customer/Page_Prieds Technology/input_Sign In_username"), "testingwmslite2"): Text 'testingwmslite2' is set on object 'Object Repository/search customer/Page_Prieds Technology/input_Sign In_username'

2023-09-28 19:26:54 - [MESSAGE][PASSED] - Text 'testingwmslite2' is set on object 'Object Repository/search customer/Page_Prieds Technology/input_Sign In_username'

2023-09-28 19:26:54 - [TEST_STEP][PASSED] - setEncryptedText(findTestObject("Object Repository/search customer/Page_Prieds Technology/input_IDUsername_password"), "U8NeUUalMC6sqe9eTsnb2g=="): Text ****** has been set on object 'Object Repository/search customer/Page_Prieds Technology/input_IDUsername_password'

2023-09-28 19:26:54 - [MESSAGE][PASSED] - Text ****** has been set on object 'Object Repository/search customer/Page_Prieds Technology/input_IDUsername_password'

2023-09-28 19:26:54 - [TEST_STEP][PASSED] - click(findTestObject("Object Repository/search customer/Page_Prieds Technology/span_Login")): Object: 'Object Repository/search customer/Page_Prieds Technology/span_Login' is clicked on

2023-09-28 19:26:54 - [MESSAGE][PASSED] - Object: 'Object Repository/search customer/Page_Prieds Technology/span_Login' is clicked on

2023-09-28 19:26:54 - [TEST_STEP][PASSED] - click(findTestObject("Object Repository/search customer/Page_Prieds Technology/div_Master")): Object: 'Object Repository/search customer/Page_Prieds Technology/div_Master' is clicked on

2023-09-28 19:26:59 - [MESSAGE][PASSED] - Object: 'Object Repository/search customer/Page_Prieds Technology/div_Master' is clicked on

2023-09-28 19:26:59 - [TEST_STEP][PASSED] - click(findTestObject("Object Repository/search customer/Page_Prieds Technology/div_Customer Management")): Object: 'Object Repository/search customer/Page_Prieds Technology/div_Customer Management' is clicked on

2023-09-28 19:27:00 - [MESSAGE][PASSED] - Object: 'Object Repository/search customer/Page_Prieds Technology/div_Customer Management' is clicked on

2023-09-28 19:27:00 - [TEST_STEP][PASSED] - setText(findTestObject("Object Repository/search customer/Page_Prieds Technology/input_Customer Register Import_input-custom_9d3571"), "cus001"): Text 'cus001' is set on object 'Object Repository/search customer/Page_Prieds Technology/input_Customer Register Import_input-custom_9d3571'

2023-09-28 19:27:02 - [MESSAGE][PASSED] - Text 'cus001' is set on object 'Object Repository/search customer/Page_Prieds Technology/input_Customer Register Import_input-custom_9d3571'

2023-09-28 19:27:02 - [TEST_STEP][PASSED] - click(findTestObject("Object Repository/search customer/Page_Prieds Technology/span_Search")): Object: 'Object Repository/search customer/Page_Prieds Technology/span_Search' is clicked on

2023-09-28 19:27:02 - [MESSAGE][PASSED] - Object: 'Object Repository/search customer/Page_Prieds Technology/span_Search' is clicked on

2023-09-28 19:27:02 - [TEST_STEP][PASSED] - click(findTestObject("Object Repository/search customer/Page_Prieds Technology/mat-icon_more_vert")): Object: 'Object Repository/search customer/Page_Prieds Technology/mat-icon_more_vert' is clicked on

2023-09-28 19:27:04 - [MESSAGE][PASSED] - Object: 'Object Repository/search customer/Page_Prieds Technology/mat-icon_more_vert' is clicked on

2023-09-28 19:27:04 - [TEST_STEP][PASSED] - click(findTestObject("Object Repository/search customer/Page_Prieds Technology/button_Edit")): Object: 'Object Repository/search customer/Page_Prieds Technology/button_Edit' is clicked on

2023-09-28 19:27:04 - [MESSAGE][PASSED] - Object: 'Object Repository/search customer/Page_Prieds Technology/button_Edit' is clicked on

2023-09-28 19:27:04 - [TEST_STEP][PASSED] - doubleClick(findTestObject("Object Repository/search customer/Page_Prieds Technology/input_Customer ID_input-editcustomername-cu_78517f")): Object: 'Object Repository/search customer/Page_Prieds Technology/input_Customer ID_input-editcustomername-cu_78517f' is double clicked on

2023-09-28 19:27:06 - [MESSAGE][PASSED] - Object: 'Object Repository/search customer/Page_Prieds Technology/input_Customer ID_input-editcustomername-cu_78517f' is double clicked on

2023-09-28 19:27:06 - [TEST_STEP][PASSED] - click(findTestObject("Object Repository/search customer/Page_Prieds Technology/span_Close")): Object: 'Object Repository/search customer/Page_Prieds Technology/span_Close' is clicked on

2023-09-28 19:27:06 - [MESSAGE][PASSED] - Object: 'Object Repository/search customer/Page_Prieds Technology/span_Close' is clicked on

2023-09-28 19:27:06 - [TEST_STEP][PASSED] - closeBrowser(): Browser is closed

2023-09-28 19:27:07 - [MESSAGE][PASSED] - Browser is closed

2023-09-28 19:27:09 - [TEST_STEP][PASSED] - Video: Video recording for test case 'Test Cases/Functionality/search customer' .

2023-09-28 19:27:09 - [MESSAGE][INFO] - Video recording for test case 'Test Cases/Functionality/search customer' .]]></system-out>
         <system-err><![CDATA[]]></system-err>
      </testcase>
      <testcase name="Test Cases/Functionality/update customer" time="97.484" classname="Test Cases/Functionality/update customer" status="PASSED">
         <system-out><![CDATA[2023-09-28 19:27:09 - [TEST_CASE][PASSED] - Test Cases/Functionality/update customer: Test Cases/Functionality/update customer

2023-09-28 19:27:09 - [TEST_STEP][PASSED] - randomText = "umkm" + RandomStringUtils.randomAlphanumeric(5): null

2023-09-28 19:27:09 - [TEST_STEP][PASSED] - openBrowser(""): Browser is opened with url: ''

2023-09-28 19:27:09 - [MESSAGE][INFO] - Starting 'Chrome' driver

2023-09-28 19:27:09 - [MESSAGE][INFO] - Action delay is set to 0 milliseconds

2023-09-28 19:27:10 - [MESSAGE][PASSED] - Browser is opened with url: ''

2023-09-28 19:27:10 - [TEST_STEP][PASSED] - navigateToUrl("https://sandbox.product.prieds.com/"): Navigate to 'https://sandbox.product.prieds.com/' successfully

2023-09-28 19:27:15 - [MESSAGE][PASSED] - Navigate to 'https://sandbox.product.prieds.com/' successfully

2023-09-28 19:27:15 - [TEST_STEP][PASSED] - click(findTestObject("Object Repository/update customer/Page_Prieds Technology/input_Sign In_username")): Object: 'Object Repository/update customer/Page_Prieds Technology/input_Sign In_username' is clicked on

2023-09-28 19:27:15 - [MESSAGE][PASSED] - Object: 'Object Repository/update customer/Page_Prieds Technology/input_Sign In_username' is clicked on

2023-09-28 19:27:15 - [TEST_STEP][PASSED] - click(findTestObject("Object Repository/update customer/Page_Prieds Technology/img_Hello,_style-people")): Object: 'Object Repository/update customer/Page_Prieds Technology/img_Hello,_style-people' is clicked on

2023-09-28 19:27:16 - [MESSAGE][PASSED] - Object: 'Object Repository/update customer/Page_Prieds Technology/img_Hello,_style-people' is clicked on

2023-09-28 19:27:16 - [TEST_STEP][PASSED] - click(findTestObject("Object Repository/update customer/Page_Prieds Technology/div_IDUsername")): Object: 'Object Repository/update customer/Page_Prieds Technology/div_IDUsername' is clicked on

2023-09-28 19:27:16 - [MESSAGE][PASSED] - Object: 'Object Repository/update customer/Page_Prieds Technology/div_IDUsername' is clicked on

2023-09-28 19:27:16 - [TEST_STEP][PASSED] - setText(findTestObject("Object Repository/update customer/Page_Prieds Technology/input_Sign In_username"), "testingwmslite2"): Text 'testingwmslite2' is set on object 'Object Repository/update customer/Page_Prieds Technology/input_Sign In_username'

2023-09-28 19:27:17 - [MESSAGE][PASSED] - Text 'testingwmslite2' is set on object 'Object Repository/update customer/Page_Prieds Technology/input_Sign In_username'

2023-09-28 19:27:17 - [TEST_STEP][PASSED] - setEncryptedText(findTestObject("Object Repository/update customer/Page_Prieds Technology/input_IDUsername_password"), "U8NeUUalMC6sqe9eTsnb2g=="): Text ****** has been set on object 'Object Repository/update customer/Page_Prieds Technology/input_IDUsername_password'

2023-09-28 19:27:17 - [MESSAGE][PASSED] - Text ****** has been set on object 'Object Repository/update customer/Page_Prieds Technology/input_IDUsername_password'

2023-09-28 19:27:17 - [TEST_STEP][PASSED] - click(findTestObject("Object Repository/update customer/Page_Prieds Technology/span_Login")): Object: 'Object Repository/update customer/Page_Prieds Technology/span_Login' is clicked on

2023-09-28 19:27:18 - [MESSAGE][PASSED] - Object: 'Object Repository/update customer/Page_Prieds Technology/span_Login' is clicked on

2023-09-28 19:27:18 - [TEST_STEP][PASSED] - click(findTestObject("Object Repository/update customer/Page_Prieds Technology/div_Master")): Object: 'Object Repository/update customer/Page_Prieds Technology/div_Master' is clicked on

2023-09-28 19:27:22 - [MESSAGE][PASSED] - Object: 'Object Repository/update customer/Page_Prieds Technology/div_Master' is clicked on

2023-09-28 19:27:22 - [TEST_STEP][PASSED] - click(findTestObject("Object Repository/update customer/Page_Prieds Technology/div_Customer Management")): Object: 'Object Repository/update customer/Page_Prieds Technology/div_Customer Management' is clicked on

2023-09-28 19:27:23 - [MESSAGE][PASSED] - Object: 'Object Repository/update customer/Page_Prieds Technology/div_Customer Management' is clicked on

2023-09-28 19:27:23 - [TEST_STEP][PASSED] - click(findTestObject("Object Repository/update customer/Page_Prieds Technology/mat-icon_more_vert")): Object: 'Object Repository/update customer/Page_Prieds Technology/mat-icon_more_vert' is clicked on

2023-09-28 19:27:25 - [MESSAGE][PASSED] - Object: 'Object Repository/update customer/Page_Prieds Technology/mat-icon_more_vert' is clicked on

2023-09-28 19:27:25 - [TEST_STEP][PASSED] - click(findTestObject("Object Repository/update customer/Page_Prieds Technology/button_Edit")): Object: 'Object Repository/update customer/Page_Prieds Technology/button_Edit' is clicked on

2023-09-28 19:27:26 - [MESSAGE][PASSED] - Object: 'Object Repository/update customer/Page_Prieds Technology/button_Edit' is clicked on

2023-09-28 19:27:26 - [TEST_STEP][PASSED] - setText(findTestObject("Object Repository/update customer/Page_Prieds Technology/input_Customer ID_input-editcustomername-cu_78517f"), "Customer-" + randomText): Text 'Customer-umkmilBHT' is set on object 'Object Repository/update customer/Page_Prieds Technology/input_Customer ID_input-editcustomername-cu_78517f'

2023-09-28 19:27:28 - [MESSAGE][PASSED] - Text 'Customer-umkmilBHT' is set on object 'Object Repository/update customer/Page_Prieds Technology/input_Customer ID_input-editcustomername-cu_78517f'

2023-09-28 19:27:28 - [TEST_STEP][PASSED] - click(findTestObject("Object Repository/update customer/Page_Prieds Technology/div_Contact No")): Object: 'Object Repository/update customer/Page_Prieds Technology/div_Contact No' is clicked on

2023-09-28 19:27:59 - [MESSAGE][INFO] - Unable to find the element located by 'By.xpath: //mat-dialog-container[@id='mat-dialog-6']/details-edit-customer-management-modal/div/mat-dialog-content/div/mat-form-field[4]/div/div/div[3]'. Please recheck the objects properties to make sure the desired element is located. 

2023-09-28 19:27:59 - [MESSAGE][WARNING] - [SELF-HEALING] Failed to find element with id 'Object Repository/update customer/Page_Prieds Technology/div_Contact No'. Try using Self-healing.

2023-09-28 19:28:00 - [MESSAGE][WARNING] - [SELF-HEALING] The current locator of test object 'Object Repository/update customer/Page_Prieds Technology/div_Contact No' was broken. Propose an alternative one: '(.//*[normalize-space(text()) and normalize-space(.)='Salesman ID'])[2]/following::div[14]'.

2023-09-28 19:28:00 - [MESSAGE][PASSED] - Object: 'Object Repository/update customer/Page_Prieds Technology/div_Contact No' is clicked on

2023-09-28 19:28:00 - [TEST_STEP][PASSED] - setText(findTestObject("Object Repository/update customer/Page_Prieds Technology/input_Contact No_input-editcontactnno-custo_2aebb7"), "UMKM" + randomText): Text 'UMKMumkmilBHT' is set on object 'Object Repository/update customer/Page_Prieds Technology/input_Contact No_input-editcontactnno-custo_2aebb7'

2023-09-28 19:28:01 - [MESSAGE][PASSED] - Text 'UMKMumkmilBHT' is set on object 'Object Repository/update customer/Page_Prieds Technology/input_Contact No_input-editcontactnno-custo_2aebb7'

2023-09-28 19:28:01 - [TEST_STEP][PASSED] - click(findTestObject("Object Repository/update customer/Page_Prieds Technology/div_Remark")): Object: 'Object Repository/update customer/Page_Prieds Technology/div_Remark' is clicked on

2023-09-28 19:28:32 - [MESSAGE][INFO] - Unable to find the element located by 'By.xpath: //mat-dialog-container[@id='mat-dialog-6']/details-edit-customer-management-modal/div/mat-dialog-content/div/mat-form-field[6]/div/div/div[3]'. Please recheck the objects properties to make sure the desired element is located. 

2023-09-28 19:28:32 - [MESSAGE][WARNING] - [SELF-HEALING] Failed to find element with id 'Object Repository/update customer/Page_Prieds Technology/div_Remark'. Try using Self-healing.

2023-09-28 19:28:32 - [MESSAGE][WARNING] - [SELF-HEALING] The current locator of test object 'Object Repository/update customer/Page_Prieds Technology/div_Remark' was broken. Propose an alternative one: '(.//*[normalize-space(text()) and normalize-space(.)='PIC'])[2]/following::div[14]'.

2023-09-28 19:28:33 - [MESSAGE][PASSED] - Object: 'Object Repository/update customer/Page_Prieds Technology/div_Remark' is clicked on

2023-09-28 19:28:33 - [TEST_STEP][PASSED] - setText(findTestObject("Object Repository/update customer/Page_Prieds Technology/input_PIC_input-editremark-customermanagement"), "umkm" + randomText): Text 'umkmumkmilBHT' is set on object 'Object Repository/update customer/Page_Prieds Technology/input_PIC_input-editremark-customermanagement'

2023-09-28 19:28:34 - [MESSAGE][PASSED] - Text 'umkmumkmilBHT' is set on object 'Object Repository/update customer/Page_Prieds Technology/input_PIC_input-editremark-customermanagement'

2023-09-28 19:28:34 - [TEST_STEP][PASSED] - setText(findTestObject("Object Repository/update customer/Page_Prieds Technology/textarea_Email_input-editaddress-customerma_e85674"), "gang mawar" + randomText): Text 'gang mawarumkmilBHT' is set on object 'Object Repository/update customer/Page_Prieds Technology/textarea_Email_input-editaddress-customerma_e85674'

2023-09-28 19:28:35 - [MESSAGE][PASSED] - Text 'gang mawarumkmilBHT' is set on object 'Object Repository/update customer/Page_Prieds Technology/textarea_Email_input-editaddress-customerma_e85674'

2023-09-28 19:28:35 - [TEST_STEP][PASSED] - setText(findTestObject("Object Repository/update customer/Page_Prieds Technology/textarea_Address_input-editaddress2-custome_2f951e"), "rt6rw7" + randomText): Text 'rt6rw7umkmilBHT' is set on object 'Object Repository/update customer/Page_Prieds Technology/textarea_Address_input-editaddress2-custome_2f951e'

2023-09-28 19:28:36 - [MESSAGE][PASSED] - Text 'rt6rw7umkmilBHT' is set on object 'Object Repository/update customer/Page_Prieds Technology/textarea_Address_input-editaddress2-custome_2f951e'

2023-09-28 19:28:36 - [TEST_STEP][PASSED] - setText(findTestObject("Object Repository/update customer/Page_Prieds Technology/input_Address 2_input-editcity-customermanagement"), "Sleman" + randomText): Text 'SlemanumkmilBHT' is set on object 'Object Repository/update customer/Page_Prieds Technology/input_Address 2_input-editcity-customermanagement'

2023-09-28 19:28:37 - [MESSAGE][PASSED] - Text 'SlemanumkmilBHT' is set on object 'Object Repository/update customer/Page_Prieds Technology/input_Address 2_input-editcity-customermanagement'

2023-09-28 19:28:37 - [TEST_STEP][PASSED] - setText(findTestObject("Object Repository/update customer/Page_Prieds Technology/input_City_input-editregion-customermanagement"), "Sleman" + randomText): Text 'SlemanumkmilBHT' is set on object 'Object Repository/update customer/Page_Prieds Technology/input_City_input-editregion-customermanagement'

2023-09-28 19:28:38 - [MESSAGE][PASSED] - Text 'SlemanumkmilBHT' is set on object 'Object Repository/update customer/Page_Prieds Technology/input_City_input-editregion-customermanagement'

2023-09-28 19:28:38 - [TEST_STEP][PASSED] - setText(findTestObject("Object Repository/update customer/Page_Prieds Technology/input_Region_input-editprovince-customermanagement"), "Special region of yogyakarta" + randomText): Text 'Special region of yogyakartaumkmilBHT' is set on object 'Object Repository/update customer/Page_Prieds Technology/input_Region_input-editprovince-customermanagement'

2023-09-28 19:28:39 - [MESSAGE][PASSED] - Text 'Special region of yogyakartaumkmilBHT' is set on object 'Object Repository/update customer/Page_Prieds Technology/input_Region_input-editprovince-customermanagement'

2023-09-28 19:28:39 - [TEST_STEP][PASSED] - click(findTestObject("Object Repository/update customer/Page_Prieds Technology/input_Province_input-editpreferedcustomer-c_5971db")): Object: 'Object Repository/update customer/Page_Prieds Technology/input_Province_input-editpreferedcustomer-c_5971db' is clicked on

2023-09-28 19:28:40 - [MESSAGE][PASSED] - Object: 'Object Repository/update customer/Page_Prieds Technology/input_Province_input-editpreferedcustomer-c_5971db' is clicked on

2023-09-28 19:28:40 - [TEST_STEP][PASSED] - click(findTestObject("Object Repository/update customer/Page_Prieds Technology/span_Ali Express")): Object: 'Object Repository/update customer/Page_Prieds Technology/span_Ali Express' is clicked on

2023-09-28 19:28:40 - [MESSAGE][PASSED] - Object: 'Object Repository/update customer/Page_Prieds Technology/span_Ali Express' is clicked on

2023-09-28 19:28:40 - [TEST_STEP][PASSED] - click(findTestObject("Object Repository/update customer/Page_Prieds Technology/div_NET75")): Object: 'Object Repository/update customer/Page_Prieds Technology/div_NET75' is clicked on

2023-09-28 19:28:41 - [MESSAGE][PASSED] - Object: 'Object Repository/update customer/Page_Prieds Technology/div_NET75' is clicked on

2023-09-28 19:28:41 - [TEST_STEP][PASSED] - click(findTestObject("Object Repository/update customer/Page_Prieds Technology/span_Custom")): Object: 'Object Repository/update customer/Page_Prieds Technology/span_Custom' is clicked on

2023-09-28 19:28:41 - [MESSAGE][PASSED] - Object: 'Object Repository/update customer/Page_Prieds Technology/span_Custom' is clicked on

2023-09-28 19:28:41 - [TEST_STEP][PASSED] - setText(findTestObject("Object Repository/update customer/Page_Prieds Technology/input_Term Of Payment_input-edittermofpayme_fc94da"), "1"): Text '1' is set on object 'Object Repository/update customer/Page_Prieds Technology/input_Term Of Payment_input-edittermofpayme_fc94da'

2023-09-28 19:28:43 - [MESSAGE][PASSED] - Text '1' is set on object 'Object Repository/update customer/Page_Prieds Technology/input_Term Of Payment_input-edittermofpayme_fc94da'

2023-09-28 19:28:43 - [TEST_STEP][PASSED] - click(findTestObject("Object Repository/update customer/Page_Prieds Technology/button_Save")): Object: 'Object Repository/update customer/Page_Prieds Technology/button_Save' is clicked on

2023-09-28 19:28:43 - [MESSAGE][PASSED] - Object: 'Object Repository/update customer/Page_Prieds Technology/button_Save' is clicked on

2023-09-28 19:28:43 - [TEST_STEP][PASSED] - click(findTestObject("Object Repository/update customer/Page_Prieds Technology/button_Yes")): Object: 'Object Repository/update customer/Page_Prieds Technology/button_Yes' is clicked on

2023-09-28 19:28:44 - [MESSAGE][PASSED] - Object: 'Object Repository/update customer/Page_Prieds Technology/button_Yes' is clicked on

2023-09-28 19:28:46 - [TEST_STEP][PASSED] - Video: Video recording for test case 'Test Cases/Functionality/update customer' .

2023-09-28 19:28:46 - [MESSAGE][INFO] - Video recording for test case 'Test Cases/Functionality/update customer' .]]></system-out>
         <system-err><![CDATA[]]></system-err>
      </testcase>
      <system-out><![CDATA[2023-09-28 19:23:40 - [TEST_SUITE][FAILED] - functional: Test Cases/Functionality/register new customer FAILED.
Reason:
com.kms.katalon.core.exception.StepFailedException: Unable to upload file 'C:\Users\LENOVO\git\effective-robot\Object Repository' to object 'Object Repository/Page_Prieds Technology/mat-icon_add'
	at com.kms.katalon.core.webui.keyword.internal.WebUIKeywordMain.stepFailed(WebUIKeywordMain.groovy:64)
	at com.kms.katalon.core.webui.keyword.internal.WebUIKeywordMain.runKeyword(WebUIKeywordMain.groovy:26)
	at com.kms.katalon.core.webui.keyword.builtin.UploadFileKeyword.uploadFile(UploadFileKeyword.groovy:87)
	at com.kms.katalon.core.webui.keyword.builtin.UploadFileKeyword.execute(UploadFileKeyword.groovy:68)
	at com.kms.katalon.core.keyword.internal.KeywordExecutor.executeKeywordForPlatform(KeywordExecutor.groovy:74)
	at com.kms.katalon.core.webui.keyword.WebUiBuiltInKeywords.uploadFile(WebUiBuiltInKeywords.groovy:4031)
	at com.kms.katalon.core.webui.keyword.WebUiBuiltInKeywords$uploadFile$4.call(Unknown Source)
	at register new customer.run(register new customer:103)
	at com.kms.katalon.core.main.ScriptEngine.run(ScriptEngine.java:194)
	at com.kms.katalon.core.main.ScriptEngine.runScriptAsRawText(ScriptEngine.java:119)
	at com.kms.katalon.core.main.TestCaseExecutor.runScript(TestCaseExecutor.java:448)
	at com.kms.katalon.core.main.TestCaseExecutor.doExecute(TestCaseExecutor.java:439)
	at com.kms.katalon.core.main.TestCaseExecutor.processExecutionPhase(TestCaseExecutor.java:418)
	at com.kms.katalon.core.main.TestCaseExecutor.accessMainPhase(TestCaseExecutor.java:410)
	at com.kms.katalon.core.main.TestCaseExecutor.execute(TestCaseExecutor.java:285)
	at com.kms.katalon.core.common.CommonExecutor.accessTestCaseMainPhase(CommonExecutor.java:65)
	at com.kms.katalon.core.main.TestSuiteExecutor.accessTestSuiteMainPhase(TestSuiteExecutor.java:148)
	at com.kms.katalon.core.main.TestSuiteExecutor.execute(TestSuiteExecutor.java:106)
	at com.kms.katalon.core.main.TestCaseMain.startTestSuite(TestCaseMain.java:187)
	at com.kms.katalon.core.main.TestCaseMain$startTestSuite$0.call(Unknown Source)
	at TempTestSuite1695903818075.run(TempTestSuite1695903818075.groovy:36)
Caused by: org.openqa.selenium.ElementNotInteractableException: element not interactable
  (Session info: chrome=117.0.5938.92)
Build info: version: '3.141.59', revision: 'e82be7d358', time: '2018-11-14T08:25:53'
System info: host: 'LAPTOP-6D1EASRA', ip: '192.168.1.62', os.name: 'Windows 11', os.arch: 'amd64', os.version: '10.0', java.version: '1.8.0_362'
Driver info: com.kms.katalon.selenium.driver.CChromeDriver
Capabilities {acceptInsecureCerts: false, browserName: chrome, browserVersion: 117.0.5938.92, chrome: {chromedriverVersion: 116.0.5845.96 (1a3918166880..., userDataDir: C:\Users\LENOVO\AppData\Loc...}, fedcm:accounts: true, goog:chromeOptions: {debuggerAddress: localhost:55114}, javascriptEnabled: true, networkConnectionEnabled: false, pageLoadStrategy: normal, platform: WINDOWS, platformName: WINDOWS, proxy: Proxy(), setWindowRect: true, strictFileInteractability: false, timeouts: {implicit: 0, pageLoad: 300000, script: 30000}, unhandledPromptBehavior: dismiss and notify, webauthn:extension:credBlob: true, webauthn:extension:largeBlob: true, webauthn:extension:minPinLength: true, webauthn:extension:prf: true, webauthn:virtualAuthenticators: true}
Session ID: 0f3ebe20a590f96426ab4661866bc292
	at org.openqa.selenium.remote.http.W3CHttpResponseCodec.createException(W3CHttpResponseCodec.java:187)
	at org.openqa.selenium.remote.http.W3CHttpResponseCodec.decode(W3CHttpResponseCodec.java:122)
	at org.openqa.selenium.remote.http.W3CHttpResponseCodec.decode(W3CHttpResponseCodec.java:49)
	at org.openqa.selenium.remote.HttpCommandExecutor.execute(HttpCommandExecutor.java:158)
	at org.openqa.selenium.remote.service.DriverCommandExecutor.execute(DriverCommandExecutor.java:83)
	at org.openqa.selenium.remote.RemoteWebDriver.execute(RemoteWebDriver.java:552)
	at com.kms.katalon.selenium.driver.CChromeDriver.execute(CChromeDriver.java:19)
	at org.openqa.selenium.remote.RemoteWebElement.execute(RemoteWebElement.java:285)
	at org.openqa.selenium.remote.RemoteWebElement.sendKeys(RemoteWebElement.java:106)
	at org.openqa.selenium.support.events.EventFiringWebDriver$EventFiringWebElement.lambda$new$0(EventFiringWebDriver.java:404)
	at com.sun.proxy.$Proxy11.sendKeys(Unknown Source)
	at org.openqa.selenium.support.events.EventFiringWebDriver$EventFiringWebElement.sendKeys(EventFiringWebDriver.java:429)
	at com.kms.katalon.core.webui.keyword.builtin.UploadFileKeyword$_uploadFile_closure1.doCall(UploadFileKeyword.groovy:80)
	at com.kms.katalon.core.webui.keyword.builtin.UploadFileKeyword$_uploadFile_closure1.call(UploadFileKeyword.groovy)
	at com.kms.katalon.core.webui.keyword.internal.WebUIKeywordMain.runKeyword(WebUIKeywordMain.groovy:20)
	... 19 more]]></system-out>
      <system-err><![CDATA[2023-09-28 19:23:40 - [TEST_SUITE][FAILED] - functional: Test Cases/Functionality/register new customer FAILED.
Reason:
com.kms.katalon.core.exception.StepFailedException: Unable to upload file 'C:\Users\LENOVO\git\effective-robot\Object Repository' to object 'Object Repository/Page_Prieds Technology/mat-icon_add'
	at com.kms.katalon.core.webui.keyword.internal.WebUIKeywordMain.stepFailed(WebUIKeywordMain.groovy:64)
	at com.kms.katalon.core.webui.keyword.internal.WebUIKeywordMain.runKeyword(WebUIKeywordMain.groovy:26)
	at com.kms.katalon.core.webui.keyword.builtin.UploadFileKeyword.uploadFile(UploadFileKeyword.groovy:87)
	at com.kms.katalon.core.webui.keyword.builtin.UploadFileKeyword.execute(UploadFileKeyword.groovy:68)
	at com.kms.katalon.core.keyword.internal.KeywordExecutor.executeKeywordForPlatform(KeywordExecutor.groovy:74)
	at com.kms.katalon.core.webui.keyword.WebUiBuiltInKeywords.uploadFile(WebUiBuiltInKeywords.groovy:4031)
	at com.kms.katalon.core.webui.keyword.WebUiBuiltInKeywords$uploadFile$4.call(Unknown Source)
	at register new customer.run(register new customer:103)
	at com.kms.katalon.core.main.ScriptEngine.run(ScriptEngine.java:194)
	at com.kms.katalon.core.main.ScriptEngine.runScriptAsRawText(ScriptEngine.java:119)
	at com.kms.katalon.core.main.TestCaseExecutor.runScript(TestCaseExecutor.java:448)
	at com.kms.katalon.core.main.TestCaseExecutor.doExecute(TestCaseExecutor.java:439)
	at com.kms.katalon.core.main.TestCaseExecutor.processExecutionPhase(TestCaseExecutor.java:418)
	at com.kms.katalon.core.main.TestCaseExecutor.accessMainPhase(TestCaseExecutor.java:410)
	at com.kms.katalon.core.main.TestCaseExecutor.execute(TestCaseExecutor.java:285)
	at com.kms.katalon.core.common.CommonExecutor.accessTestCaseMainPhase(CommonExecutor.java:65)
	at com.kms.katalon.core.main.TestSuiteExecutor.accessTestSuiteMainPhase(TestSuiteExecutor.java:148)
	at com.kms.katalon.core.main.TestSuiteExecutor.execute(TestSuiteExecutor.java:106)
	at com.kms.katalon.core.main.TestCaseMain.startTestSuite(TestCaseMain.java:187)
	at com.kms.katalon.core.main.TestCaseMain$startTestSuite$0.call(Unknown Source)
	at TempTestSuite1695903818075.run(TempTestSuite1695903818075.groovy:36)
Caused by: org.openqa.selenium.ElementNotInteractableException: element not interactable
  (Session info: chrome=117.0.5938.92)
Build info: version: '3.141.59', revision: 'e82be7d358', time: '2018-11-14T08:25:53'
System info: host: 'LAPTOP-6D1EASRA', ip: '192.168.1.62', os.name: 'Windows 11', os.arch: 'amd64', os.version: '10.0', java.version: '1.8.0_362'
Driver info: com.kms.katalon.selenium.driver.CChromeDriver
Capabilities {acceptInsecureCerts: false, browserName: chrome, browserVersion: 117.0.5938.92, chrome: {chromedriverVersion: 116.0.5845.96 (1a3918166880..., userDataDir: C:\Users\LENOVO\AppData\Loc...}, fedcm:accounts: true, goog:chromeOptions: {debuggerAddress: localhost:55114}, javascriptEnabled: true, networkConnectionEnabled: false, pageLoadStrategy: normal, platform: WINDOWS, platformName: WINDOWS, proxy: Proxy(), setWindowRect: true, strictFileInteractability: false, timeouts: {implicit: 0, pageLoad: 300000, script: 30000}, unhandledPromptBehavior: dismiss and notify, webauthn:extension:credBlob: true, webauthn:extension:largeBlob: true, webauthn:extension:minPinLength: true, webauthn:extension:prf: true, webauthn:virtualAuthenticators: true}
Session ID: 0f3ebe20a590f96426ab4661866bc292
	at org.openqa.selenium.remote.http.W3CHttpResponseCodec.createException(W3CHttpResponseCodec.java:187)
	at org.openqa.selenium.remote.http.W3CHttpResponseCodec.decode(W3CHttpResponseCodec.java:122)
	at org.openqa.selenium.remote.http.W3CHttpResponseCodec.decode(W3CHttpResponseCodec.java:49)
	at org.openqa.selenium.remote.HttpCommandExecutor.execute(HttpCommandExecutor.java:158)
	at org.openqa.selenium.remote.service.DriverCommandExecutor.execute(DriverCommandExecutor.java:83)
	at org.openqa.selenium.remote.RemoteWebDriver.execute(RemoteWebDriver.java:552)
	at com.kms.katalon.selenium.driver.CChromeDriver.execute(CChromeDriver.java:19)
	at org.openqa.selenium.remote.RemoteWebElement.execute(RemoteWebElement.java:285)
	at org.openqa.selenium.remote.RemoteWebElement.sendKeys(RemoteWebElement.java:106)
	at org.openqa.selenium.support.events.EventFiringWebDriver$EventFiringWebElement.lambda$new$0(EventFiringWebDriver.java:404)
	at com.sun.proxy.$Proxy11.sendKeys(Unknown Source)
	at org.openqa.selenium.support.events.EventFiringWebDriver$EventFiringWebElement.sendKeys(EventFiringWebDriver.java:429)
	at com.kms.katalon.core.webui.keyword.builtin.UploadFileKeyword$_uploadFile_closure1.doCall(UploadFileKeyword.groovy:80)
	at com.kms.katalon.core.webui.keyword.builtin.UploadFileKeyword$_uploadFile_closure1.call(UploadFileKeyword.groovy)
	at com.kms.katalon.core.webui.keyword.internal.WebUIKeywordMain.runKeyword(WebUIKeywordMain.groovy:20)
	... 19 more]]></system-err>
   </testsuite>
</testsuites>
